<?xml version="1.0" encoding="UTF-8"?>
<!-- Generated by org.testng.reporters.JUnitXMLReporter -->
<testsuite ignored="0" hostname="SANKOJU" failures="0" tests="20" name="internal module" time="62.566" errors="0" timestamp="2024-04-26T13:21:47 IST">
  <testcase classname="SauceDemo.TestNG_SauceDemo" name="VerifyInValidCredSignIn" time="2.813"/>
  <testcase classname="SauceDemo.TestNG_SauceDemo" name="VerifySignIn" time="0.26"/>
  <testcase classname="SauceDemo.TestNG_SauceDemo" name="VerifyListOfProducts" time="0.16"/>
  <testcase classname="SauceDemo.TestNG_SauceDemo" name="VerifyByClickingOntheProducts" time="0.645"/>
  <testcase classname="SauceDemo.TestNG_SauceDemo" name="VerifyAddToCart" time="0.092"/>
  <testcase classname="SauceDemo.TestNG_SauceDemo" name="VerifyRemoveFromCart" time="0.117"/>
  <testcase classname="SauceDemo.TestNG_SauceDemo" name="VerifyHamburgerMenu" time="0.078"/>
  <testcase classname="SauceDemo.TestNG_SauceDemo" name="VerifyAboutInSidbar" time="18.094"/>
  <testcase classname="SauceDemo.TestNG_SauceDemo" name="VerifyFilterByOptions" time="0.152"/>
  <testcase classname="SauceDemo.TestNG_SauceDemo" name="VerifyCartOption" time="0.566"/>
  <testcase classname="SauceDemo.TestNG_SauceDemo" name="VerifyPageScrolling" time="0.018"/>
  <testcase classname="SauceDemo.TestNG_SauceDemo" name="VerifyScreenshot" time="0.209"/>
  <testcase classname="SauceDemo.TestNG_SauceDemo" name="VerifyPageTitle" time="0.001"/>
  <testcase classname="SauceDemo.TestNG_SauceDemo" name="VerifyRequestDemo" time="8.251"/>
  <testcase classname="SauceDemo.TestNG_SauceDemo" name="VerifyFooterlinks" time="0.519"/>
  <testcase classname="SauceDemo.TestNG_SauceDemo" name="VerifyCookiesLink" time="0.408"/>
  <testcase classname="SauceDemo.TestNG_SauceDemo" name="VerifySIgnIn" time="0.476"/>
  <testcase classname="SauceDemo.TestNG_SauceDemo" name="VerifyTryitFreeButton" time="13.057"/>
  <testcase classname="SauceDemo.TestNG_SauceDemo" name="VerifySearchIcon" time="0.655"/>
  <testcase classname="SauceDemo.TestNG_SauceDemo" name="VerifyLogout" time="13.069"/>
</testsuite> <!-- internal module -->
