<?xml version="1.0" encoding="UTF-8"?>
<!-- Generated by org.testng.reporters.JUnitXMLReporter -->
<testsuite ignored="0" hostname="SANKOJU" failures="0" tests="20" name="internal module" time="63.468" errors="0" timestamp="2024-04-23T23:03:04 IST">
  <testcase classname="SauceDemo.TestNG_SauceDemo" name="VerifyInValidCredSignIn" time="2.751"/>
  <testcase classname="SauceDemo.TestNG_SauceDemo" name="VerifySignIn" time="0.251"/>
  <testcase classname="SauceDemo.TestNG_SauceDemo" name="VerifyListOfProducts" time="0.11"/>
  <testcase classname="SauceDemo.TestNG_SauceDemo" name="VerifyByClickingOntheProducts" time="0.686"/>
  <testcase classname="SauceDemo.TestNG_SauceDemo" name="VerifyAddToCart" time="0.085"/>
  <testcase classname="SauceDemo.TestNG_SauceDemo" name="VerifyRemoveFromCart" time="0.115"/>
  <testcase classname="SauceDemo.TestNG_SauceDemo" name="VerifyHamburgerMenu" time="0.067"/>
  <testcase classname="SauceDemo.TestNG_SauceDemo" name="VerifyAboutInSidbar" time="13.495"/>
  <testcase classname="SauceDemo.TestNG_SauceDemo" name="VerifyFilterByOptions" time="0.406"/>
  <testcase classname="SauceDemo.TestNG_SauceDemo" name="VerifyCartOption" time="0.618"/>
  <testcase classname="SauceDemo.TestNG_SauceDemo" name="VerifyPageScrolling" time="0.023"/>
  <testcase classname="SauceDemo.TestNG_SauceDemo" name="VerifyScreenshot" time="0.278"/>
  <testcase classname="SauceDemo.TestNG_SauceDemo" name="VerifyPageTitle" time="0.015"/>
  <testcase classname="SauceDemo.TestNG_SauceDemo" name="VerifyRequestDemo" time="7.098"/>
  <testcase classname="SauceDemo.TestNG_SauceDemo" name="VerifyFooterlinks" time="0.676"/>
  <testcase classname="SauceDemo.TestNG_SauceDemo" name="VerifyCookiesLink" time="0.559"/>
  <testcase classname="SauceDemo.TestNG_SauceDemo" name="VerifySIgnIn" time="0.536"/>
  <testcase classname="SauceDemo.TestNG_SauceDemo" name="VerifyTryitFreeButton" time="30.51"/>
  <testcase classname="SauceDemo.TestNG_SauceDemo" name="VerifySearchIcon" time="0.971"/>
  <testcase classname="SauceDemo.TestNG_SauceDemo" name="VerifyLogout" time="0.725"/>
</testsuite> <!-- internal module -->
