<?xml version="1.0" encoding="UTF-8"?>
<testng-results ignored="0" total="20" passed="20" failed="0" skipped="0">
  <reporter-output>
  </reporter-output>
  <suite started-at="2024-04-26T13:20:44 IST" name="Suite" finished-at="2024-04-26T13:21:47 IST" duration-ms="62566">
    <groups>
    </groups>
    <test started-at="2024-04-26T13:20:44 IST" name="internal module" finished-at="2024-04-26T13:21:47 IST" duration-ms="62566">
      <class name="SauceDemo.TestNG_SauceDemo">
        <test-method is-config="true" signature="beforetest()[pri:0, instance:SauceDemo.TestNG_SauceDemo@5e600dd5]" started-at="2024-04-26T13:20:44 IST" name="beforetest" finished-at="2024-04-26T13:20:47 IST" duration-ms="2276" status="PASS">
          <reporter-output>
          </reporter-output>
        </test-method> <!-- beforetest -->
        <test-method signature="VerifyInValidCredSignIn()[pri:1, instance:SauceDemo.TestNG_SauceDemo@5e600dd5]" started-at="2024-04-26T13:20:47 IST" name="VerifyInValidCredSignIn" finished-at="2024-04-26T13:20:50 IST" duration-ms="2813" status="PASS">
          <reporter-output>
          </reporter-output>
        </test-method> <!-- VerifyInValidCredSignIn -->
        <test-method signature="VerifySignIn()[pri:2, instance:SauceDemo.TestNG_SauceDemo@5e600dd5]" started-at="2024-04-26T13:20:50 IST" name="VerifySignIn" finished-at="2024-04-26T13:20:50 IST" duration-ms="260" status="PASS">
          <reporter-output>
          </reporter-output>
        </test-method> <!-- VerifySignIn -->
        <test-method signature="VerifyListOfProducts()[pri:3, instance:SauceDemo.TestNG_SauceDemo@5e600dd5]" started-at="2024-04-26T13:20:50 IST" name="VerifyListOfProducts" finished-at="2024-04-26T13:20:50 IST" duration-ms="160" status="PASS">
          <reporter-output>
          </reporter-output>
        </test-method> <!-- VerifyListOfProducts -->
        <test-method signature="VerifyByClickingOntheProducts()[pri:4, instance:SauceDemo.TestNG_SauceDemo@5e600dd5]" started-at="2024-04-26T13:20:50 IST" name="VerifyByClickingOntheProducts" finished-at="2024-04-26T13:20:51 IST" duration-ms="645" status="PASS">
          <reporter-output>
          </reporter-output>
        </test-method> <!-- VerifyByClickingOntheProducts -->
        <test-method signature="VerifyAddToCart()[pri:5, instance:SauceDemo.TestNG_SauceDemo@5e600dd5]" started-at="2024-04-26T13:20:51 IST" name="VerifyAddToCart" finished-at="2024-04-26T13:20:51 IST" duration-ms="92" status="PASS">
          <reporter-output>
          </reporter-output>
        </test-method> <!-- VerifyAddToCart -->
        <test-method signature="VerifyRemoveFromCart()[pri:6, instance:SauceDemo.TestNG_SauceDemo@5e600dd5]" started-at="2024-04-26T13:20:51 IST" name="VerifyRemoveFromCart" finished-at="2024-04-26T13:20:51 IST" duration-ms="117" status="PASS">
          <reporter-output>
          </reporter-output>
        </test-method> <!-- VerifyRemoveFromCart -->
        <test-method signature="VerifyHamburgerMenu()[pri:7, instance:SauceDemo.TestNG_SauceDemo@5e600dd5]" started-at="2024-04-26T13:20:51 IST" name="VerifyHamburgerMenu" finished-at="2024-04-26T13:20:51 IST" duration-ms="78" status="PASS">
          <reporter-output>
          </reporter-output>
        </test-method> <!-- VerifyHamburgerMenu -->
        <test-method signature="VerifyAboutInSidbar()[pri:8, instance:SauceDemo.TestNG_SauceDemo@5e600dd5]" started-at="2024-04-26T13:20:51 IST" name="VerifyAboutInSidbar" finished-at="2024-04-26T13:21:09 IST" duration-ms="18094" status="PASS">
          <reporter-output>
          </reporter-output>
        </test-method> <!-- VerifyAboutInSidbar -->
        <test-method signature="VerifyFilterByOptions()[pri:9, instance:SauceDemo.TestNG_SauceDemo@5e600dd5]" started-at="2024-04-26T13:21:09 IST" name="VerifyFilterByOptions" finished-at="2024-04-26T13:21:09 IST" duration-ms="152" status="PASS">
          <reporter-output>
          </reporter-output>
        </test-method> <!-- VerifyFilterByOptions -->
        <test-method signature="VerifyCartOption()[pri:10, instance:SauceDemo.TestNG_SauceDemo@5e600dd5]" started-at="2024-04-26T13:21:09 IST" name="VerifyCartOption" finished-at="2024-04-26T13:21:10 IST" duration-ms="566" status="PASS">
          <reporter-output>
          </reporter-output>
        </test-method> <!-- VerifyCartOption -->
        <test-method signature="VerifyPageScrolling()[pri:11, instance:SauceDemo.TestNG_SauceDemo@5e600dd5]" started-at="2024-04-26T13:21:10 IST" name="VerifyPageScrolling" finished-at="2024-04-26T13:21:10 IST" duration-ms="18" status="PASS">
          <reporter-output>
          </reporter-output>
        </test-method> <!-- VerifyPageScrolling -->
        <test-method signature="VerifyScreenshot()[pri:12, instance:SauceDemo.TestNG_SauceDemo@5e600dd5]" started-at="2024-04-26T13:21:10 IST" name="VerifyScreenshot" finished-at="2024-04-26T13:21:10 IST" duration-ms="209" status="PASS">
          <reporter-output>
          </reporter-output>
        </test-method> <!-- VerifyScreenshot -->
        <test-method signature="VerifyPageTitle()[pri:13, instance:SauceDemo.TestNG_SauceDemo@5e600dd5]" started-at="2024-04-26T13:21:10 IST" name="VerifyPageTitle" finished-at="2024-04-26T13:21:10 IST" duration-ms="1" status="PASS">
          <reporter-output>
          </reporter-output>
        </test-method> <!-- VerifyPageTitle -->
        <test-method signature="VerifyRequestDemo()[pri:14, instance:SauceDemo.TestNG_SauceDemo@5e600dd5]" started-at="2024-04-26T13:21:10 IST" name="VerifyRequestDemo" finished-at="2024-04-26T13:21:18 IST" duration-ms="8251" status="PASS">
          <reporter-output>
          </reporter-output>
        </test-method> <!-- VerifyRequestDemo -->
        <test-method signature="VerifyFooterlinks()[pri:15, instance:SauceDemo.TestNG_SauceDemo@5e600dd5]" started-at="2024-04-26T13:21:18 IST" name="VerifyFooterlinks" finished-at="2024-04-26T13:21:19 IST" duration-ms="519" status="PASS">
          <reporter-output>
          </reporter-output>
        </test-method> <!-- VerifyFooterlinks -->
        <test-method signature="VerifyCookiesLink()[pri:16, instance:SauceDemo.TestNG_SauceDemo@5e600dd5]" started-at="2024-04-26T13:21:19 IST" name="VerifyCookiesLink" finished-at="2024-04-26T13:21:19 IST" duration-ms="408" status="PASS">
          <reporter-output>
          </reporter-output>
        </test-method> <!-- VerifyCookiesLink -->
        <test-method signature="VerifySIgnIn()[pri:17, instance:SauceDemo.TestNG_SauceDemo@5e600dd5]" started-at="2024-04-26T13:21:19 IST" name="VerifySIgnIn" finished-at="2024-04-26T13:21:20 IST" duration-ms="476" status="PASS">
          <reporter-output>
          </reporter-output>
        </test-method> <!-- VerifySIgnIn -->
        <test-method signature="VerifyTryitFreeButton()[pri:18, instance:SauceDemo.TestNG_SauceDemo@5e600dd5]" started-at="2024-04-26T13:21:20 IST" name="VerifyTryitFreeButton" finished-at="2024-04-26T13:21:33 IST" duration-ms="13057" status="PASS">
          <reporter-output>
          </reporter-output>
        </test-method> <!-- VerifyTryitFreeButton -->
        <test-method signature="VerifySearchIcon()[pri:19, instance:SauceDemo.TestNG_SauceDemo@5e600dd5]" started-at="2024-04-26T13:21:33 IST" name="VerifySearchIcon" finished-at="2024-04-26T13:21:33 IST" duration-ms="655" status="PASS">
          <reporter-output>
          </reporter-output>
        </test-method> <!-- VerifySearchIcon -->
        <test-method signature="VerifyLogout()[pri:20, instance:SauceDemo.TestNG_SauceDemo@5e600dd5]" started-at="2024-04-26T13:21:33 IST" name="VerifyLogout" finished-at="2024-04-26T13:21:46 IST" duration-ms="13069" status="PASS">
          <reporter-output>
          </reporter-output>
        </test-method> <!-- VerifyLogout -->
        <test-method is-config="true" signature="aftertest()[pri:0, instance:SauceDemo.TestNG_SauceDemo@5e600dd5]" started-at="2024-04-26T13:21:46 IST" name="aftertest" finished-at="2024-04-26T13:21:47 IST" duration-ms="544" status="PASS">
          <reporter-output>
          </reporter-output>
        </test-method> <!-- aftertest -->
      </class> <!-- SauceDemo.TestNG_SauceDemo -->
    </test> <!-- internal module -->
  </suite> <!-- Suite -->
</testng-results>
