<?xml version="1.0" encoding="UTF-8"?>
<!-- Generated by org.testng.reporters.JUnitXMLReporter -->
<testsuite ignored="0" hostname="SANKOJU" failures="0" tests="20" name="Default test" time="46.856" errors="0" timestamp="2024-04-26T13:09:25 IST">
  <testcase classname="SauceDemo.TestNG_SauceDemo" name="VerifyInValidCredSignIn" time="2.322"/>
  <testcase classname="SauceDemo.TestNG_SauceDemo" name="VerifySignIn" time="0.275"/>
  <testcase classname="SauceDemo.TestNG_SauceDemo" name="VerifyListOfProducts" time="0.105"/>
  <testcase classname="SauceDemo.TestNG_SauceDemo" name="VerifyByClickingOntheProducts" time="0.575"/>
  <testcase classname="SauceDemo.TestNG_SauceDemo" name="VerifyAddToCart" time="0.088"/>
  <testcase classname="SauceDemo.TestNG_SauceDemo" name="VerifyRemoveFromCart" time="0.11"/>
  <testcase classname="SauceDemo.TestNG_SauceDemo" name="VerifyHamburgerMenu" time="0.076"/>
  <testcase classname="SauceDemo.TestNG_SauceDemo" name="VerifyAboutInSidbar" time="18.852"/>
  <testcase classname="SauceDemo.TestNG_SauceDemo" name="VerifyFilterByOptions" time="0.226"/>
  <testcase classname="SauceDemo.TestNG_SauceDemo" name="VerifyCartOption" time="0.472"/>
  <testcase classname="SauceDemo.TestNG_SauceDemo" name="VerifyPageScrolling" time="0.017"/>
  <testcase classname="SauceDemo.TestNG_SauceDemo" name="VerifyScreenshot" time="0.208"/>
  <testcase classname="SauceDemo.TestNG_SauceDemo" name="VerifyPageTitle" time="0.0"/>
  <testcase classname="SauceDemo.TestNG_SauceDemo" name="VerifyRequestDemo" time="6.754"/>
  <testcase classname="SauceDemo.TestNG_SauceDemo" name="VerifyFooterlinks" time="0.477"/>
  <testcase classname="SauceDemo.TestNG_SauceDemo" name="VerifyCookiesLink" time="0.387"/>
  <testcase classname="SauceDemo.TestNG_SauceDemo" name="VerifySIgnIn" time="0.555"/>
  <testcase classname="SauceDemo.TestNG_SauceDemo" name="VerifyTryitFreeButton" time="11.088"/>
  <testcase classname="SauceDemo.TestNG_SauceDemo" name="VerifySearchIcon" time="0.453"/>
  <testcase classname="SauceDemo.TestNG_SauceDemo" name="VerifyLogout" time="0.837"/>
</testsuite> <!-- Default test -->
